<?xml version="1.0" encoding="UTF-8"?>
<testng-results ignored="0" total="1" passed="0" failed="1" skipped="0">
  <reporter-output>
  </reporter-output>
  <suite started-at="2021-09-22T19:34:20 IST" name="Default suite" finished-at="2021-09-22T19:34:33 IST" duration-ms="13254">
    <groups>
      <group name="cucumber">
        <method signature="AbstractTestNGCucumberTests.runScenario(io.cucumber.testng.PickleWrapper,io.cucumber.testng.FeatureWrapper)[pri:0, instance:runner.Practicerunner@e15b7e8]" name="runScenario" class="io.cucumber.testng.AbstractTestNGCucumberTests"/>
      </group> <!-- cucumber -->
    </groups>
    <test started-at="2021-09-22T19:34:20 IST" name="Default test" finished-at="2021-09-22T19:34:33 IST" duration-ms="13254">
      <class name="runner.Practicerunner">
        <test-method is-config="true" signature="setUpClass()[pri:0, instance:runner.Practicerunner@e15b7e8]" started-at="2021-09-22T19:34:20 IST" name="setUpClass" finished-at="2021-09-22T19:34:20 IST" duration-ms="504" status="PASS">
          <reporter-output>
          </reporter-output>
        </test-method> <!-- setUpClass -->
        <test-method signature="runScenario(io.cucumber.testng.PickleWrapper,io.cucumber.testng.FeatureWrapper)[pri:0, instance:runner.Practicerunner@e15b7e8]" started-at="2021-09-22T19:34:20 IST" name="runScenario" description="Runs Cucumber Scenarios" data-provider="scenarios" finished-at="2021-09-22T19:34:33 IST" duration-ms="12512" status="FAIL">
          <params>
            <param index="0">
              <value>
                <![CDATA["automate the form"]]>
              </value>
            </param>
            <param index="1">
              <value>
                <![CDATA["Optional[Practice Action]"]]>
              </value>
            </param>
          </params>
          <exception class="org.openqa.selenium.ElementClickInterceptedException">
            <message>
              <![CDATA[element click intercepted: Element <input id="profession-0" name="profession" style="font-size: 14px; margin: 0px; padding: 0px; vertical-align: baseline;" type="checkbox" value="Manual Tester"> is not clickable at point (269, 662). Other element would receive the click: <div class="cookie-choices-inner">...</div>
  (Session info: chrome=93.0.4577.82)
Build info: version: '3.141.59', revision: 'e82be7d358', time: '2018-11-14T08:17:03'
System info: host: 'DIN82001000', ip: '10.31.164.250', os.name: 'Windows 10', os.arch: 'amd64', os.version: '10.0', java.version: '16.0.1'
Driver info: org.openqa.selenium.chrome.ChromeDriver
Capabilities {acceptInsecureCerts: false, browserName: chrome, browserVersion: 93.0.4577.82, chrome: {chromedriverVersion: 93.0.4577.15 (660fc11082ba5..., userDataDir: C:\Users\kunikhit\AppData\L...}, goog:chromeOptions: {debuggerAddress: localhost:60856}, javascriptEnabled: true, networkConnectionEnabled: false, pageLoadStrategy: normal, platform: WINDOWS, platformName: WINDOWS, proxy: Proxy(), setWindowRect: true, strictFileInteractability: false, timeouts: {implicit: 0, pageLoad: 300000, script: 30000}, unhandledPromptBehavior: dismiss and notify, webauthn:extension:credBlob: true, webauthn:extension:largeBlob: true, webauthn:virtualAuthenticators: true}
Session ID: a447c7fdd7612a685d47899b269a241b]]>
            </message>
            <full-stacktrace>
              <![CDATA[org.openqa.selenium.ElementClickInterceptedException: element click intercepted: Element <input id="profession-0" name="profession" style="font-size: 14px; margin: 0px; padding: 0px; vertical-align: baseline;" type="checkbox" value="Manual Tester"> is not clickable at point (269, 662). Other element would receive the click: <div class="cookie-choices-inner">...</div>
  (Session info: chrome=93.0.4577.82)
Build info: version: '3.141.59', revision: 'e82be7d358', time: '2018-11-14T08:17:03'
System info: host: 'DIN82001000', ip: '10.31.164.250', os.name: 'Windows 10', os.arch: 'amd64', os.version: '10.0', java.version: '16.0.1'
Driver info: org.openqa.selenium.chrome.ChromeDriver
Capabilities {acceptInsecureCerts: false, browserName: chrome, browserVersion: 93.0.4577.82, chrome: {chromedriverVersion: 93.0.4577.15 (660fc11082ba5..., userDataDir: C:\Users\kunikhit\AppData\L...}, goog:chromeOptions: {debuggerAddress: localhost:60856}, javascriptEnabled: true, networkConnectionEnabled: false, pageLoadStrategy: normal, platform: WINDOWS, platformName: WINDOWS, proxy: Proxy(), setWindowRect: true, strictFileInteractability: false, timeouts: {implicit: 0, pageLoad: 300000, script: 30000}, unhandledPromptBehavior: dismiss and notify, webauthn:extension:credBlob: true, webauthn:extension:largeBlob: true, webauthn:virtualAuthenticators: true}
Session ID: a447c7fdd7612a685d47899b269a241b
at java.base/jdk.internal.reflect.NativeConstructorAccessorImpl.newInstance0(Native Method)
at java.base/jdk.internal.reflect.NativeConstructorAccessorImpl.newInstance(NativeConstructorAccessorImpl.java:78)
at java.base/jdk.internal.reflect.DelegatingConstructorAccessorImpl.newInstance(DelegatingConstructorAccessorImpl.java:45)
at java.base/java.lang.reflect.Constructor.newInstanceWithCaller(Constructor.java:499)
at java.base/java.lang.reflect.Constructor.newInstance(Constructor.java:480)
at org.openqa.selenium.remote.http.W3CHttpResponseCodec.createException(W3CHttpResponseCodec.java:187)
at org.openqa.selenium.remote.http.W3CHttpResponseCodec.decode(W3CHttpResponseCodec.java:122)
at org.openqa.selenium.remote.http.W3CHttpResponseCodec.decode(W3CHttpResponseCodec.java:49)
at org.openqa.selenium.remote.HttpCommandExecutor.execute(HttpCommandExecutor.java:158)
at org.openqa.selenium.remote.service.DriverCommandExecutor.execute(DriverCommandExecutor.java:83)
at org.openqa.selenium.remote.RemoteWebDriver.execute(RemoteWebDriver.java:552)
at org.openqa.selenium.remote.RemoteWebElement.execute(RemoteWebElement.java:285)
at org.openqa.selenium.remote.RemoteWebElement.click(RemoteWebElement.java:84)
at page.Practiceform.setProfession(Practiceform.java:133)
at stepdefinition.Practiceselform.user_selects_the_profession(Practiceselform.java:63)
at ✽.User selects the profession(file:///C:/Users/kunikhit/eclipse-workspace/Practice/src/test/resources/features/practiceform.feature:11)
]]>
            </full-stacktrace>
          </exception> <!-- org.openqa.selenium.ElementClickInterceptedException -->
          <reporter-output>
          </reporter-output>
        </test-method> <!-- runScenario -->
        <test-method is-config="true" signature="tearDownClass()[pri:0, instance:runner.Practicerunner@e15b7e8]" started-at="2021-09-22T19:34:33 IST" name="tearDownClass" finished-at="2021-09-22T19:34:33 IST" duration-ms="195" status="PASS">
          <reporter-output>
          </reporter-output>
        </test-method> <!-- tearDownClass -->
      </class> <!-- runner.Practicerunner -->
    </test> <!-- Default test -->
  </suite> <!-- Default suite -->
</testng-results>
