<?xml version="1.0" encoding="UTF-8"?>
<testng-results ignored="0" total="6" passed="6" failed="0" skipped="0">
  <reporter-output>
  </reporter-output>
  <suite started-at="2021-09-07T10:35:06 IST" name="Default suite" finished-at="2021-09-07T10:35:49 IST" duration-ms="42444">
    <groups>
      <group name="cucumber">
        <method signature="AbstractTestNGCucumberTests.runScenario(io.cucumber.testng.PickleWrapper,io.cucumber.testng.FeatureWrapper)[pri:0, instance:com.runner.DemocartRunnertwo@5d0a1059]" name="runScenario" class="io.cucumber.testng.AbstractTestNGCucumberTests"/>
      </group> <!-- cucumber -->
    </groups>
    <test started-at="2021-09-07T10:35:06 IST" name="Default test" finished-at="2021-09-07T10:35:49 IST" duration-ms="42444">
      <class name="com.runner.DemocartRunnertwo">
        <test-method is-config="true" signature="setUpClass()[pri:0, instance:com.runner.DemocartRunnertwo@5d0a1059]" started-at="2021-09-07T10:35:06 IST" name="setUpClass" finished-at="2021-09-07T10:35:07 IST" duration-ms="463" status="PASS">
          <reporter-output>
          </reporter-output>
        </test-method> <!-- setUpClass -->
        <test-method signature="runScenario(io.cucumber.testng.PickleWrapper,io.cucumber.testng.FeatureWrapper)[pri:0, instance:com.runner.DemocartRunnertwo@5d0a1059]" started-at="2021-09-07T10:35:07 IST" name="runScenario" description="Runs Cucumber Scenarios" data-provider="scenarios" finished-at="2021-09-07T10:35:13 IST" duration-ms="6777" status="PASS">
          <params>
            <param index="0">
              <value>
                <![CDATA["Validation of myAccount dropdown with respect to register"]]>
              </value>
            </param>
            <param index="1">
              <value>
                <![CDATA["Optional[Register Action]"]]>
              </value>
            </param>
          </params>
          <reporter-output>
          </reporter-output>
        </test-method> <!-- runScenario -->
        <test-method signature="runScenario(io.cucumber.testng.PickleWrapper,io.cucumber.testng.FeatureWrapper)[pri:0, instance:com.runner.DemocartRunnertwo@5d0a1059]" started-at="2021-09-07T10:35:13 IST" name="runScenario" description="Runs Cucumber Scenarios" data-provider="scenarios" finished-at="2021-09-07T10:35:21 IST" duration-ms="7756" status="PASS">
          <params>
            <param index="0">
              <value>
                <![CDATA["Register with valid Credentials"]]>
              </value>
            </param>
            <param index="1">
              <value>
                <![CDATA["Optional[Register Action]"]]>
              </value>
            </param>
          </params>
          <reporter-output>
          </reporter-output>
        </test-method> <!-- runScenario -->
        <test-method signature="runScenario(io.cucumber.testng.PickleWrapper,io.cucumber.testng.FeatureWrapper)[pri:0, instance:com.runner.DemocartRunnertwo@5d0a1059]" started-at="2021-09-07T10:35:21 IST" name="runScenario" description="Runs Cucumber Scenarios" data-provider="scenarios" finished-at="2021-09-07T10:35:27 IST" duration-ms="5619" status="PASS">
          <params>
            <param index="0">
              <value>
                <![CDATA["Register with invalid firstname and lastname"]]>
              </value>
            </param>
            <param index="1">
              <value>
                <![CDATA["Optional[Register Action]"]]>
              </value>
            </param>
          </params>
          <reporter-output>
          </reporter-output>
        </test-method> <!-- runScenario -->
        <test-method signature="runScenario(io.cucumber.testng.PickleWrapper,io.cucumber.testng.FeatureWrapper)[pri:0, instance:com.runner.DemocartRunnertwo@5d0a1059]" started-at="2021-09-07T10:35:27 IST" name="runScenario" description="Runs Cucumber Scenarios" data-provider="scenarios" finished-at="2021-09-07T10:35:35 IST" duration-ms="8472" status="PASS">
          <params>
            <param index="0">
              <value>
                <![CDATA["uncheck the privacy policy"]]>
              </value>
            </param>
            <param index="1">
              <value>
                <![CDATA["Optional[Register Action]"]]>
              </value>
            </param>
          </params>
          <reporter-output>
          </reporter-output>
        </test-method> <!-- runScenario -->
        <test-method signature="runScenario(io.cucumber.testng.PickleWrapper,io.cucumber.testng.FeatureWrapper)[pri:0, instance:com.runner.DemocartRunnertwo@5d0a1059]" started-at="2021-09-07T10:35:35 IST" name="runScenario" description="Runs Cucumber Scenarios" data-provider="scenarios" finished-at="2021-09-07T10:35:41 IST" duration-ms="5636" status="PASS">
          <params>
            <param index="0">
              <value>
                <![CDATA["Warning for email"]]>
              </value>
            </param>
            <param index="1">
              <value>
                <![CDATA["Optional[Register Action]"]]>
              </value>
            </param>
          </params>
          <reporter-output>
          </reporter-output>
        </test-method> <!-- runScenario -->
        <test-method signature="runScenario(io.cucumber.testng.PickleWrapper,io.cucumber.testng.FeatureWrapper)[pri:0, instance:com.runner.DemocartRunnertwo@5d0a1059]" started-at="2021-09-07T10:35:41 IST" name="runScenario" description="Runs Cucumber Scenarios" data-provider="scenarios" finished-at="2021-09-07T10:35:49 IST" duration-ms="7634" status="PASS">
          <params>
            <param index="0">
              <value>
                <![CDATA["If user have an account already"]]>
              </value>
            </param>
            <param index="1">
              <value>
                <![CDATA["Optional[Register Action]"]]>
              </value>
            </param>
          </params>
          <reporter-output>
          </reporter-output>
        </test-method> <!-- runScenario -->
        <test-method is-config="true" signature="tearDownClass()[pri:0, instance:com.runner.DemocartRunnertwo@5d0a1059]" started-at="2021-09-07T10:35:49 IST" name="tearDownClass" finished-at="2021-09-07T10:35:49 IST" duration-ms="31" status="PASS">
          <reporter-output>
          </reporter-output>
        </test-method> <!-- tearDownClass -->
      </class> <!-- com.runner.DemocartRunnertwo -->
    </test> <!-- Default test -->
  </suite> <!-- Default suite -->
</testng-results>
