<?xml version="1.0" encoding="UTF-8"?>
<!-- Generated by org.testng.reporters.JUnitReportReporter -->
<testsuite hostname="DIN82001000" failures="0" tests="1" name="runner.DemocartRunnertwo" time="18.391" errors="1" timestamp="2021-09-07T17:17:52 IST" skipped="0">
  <testcase classname="runner.DemocartRunnertwo" name="runScenario" time="18.391">
    <error message="element click intercepted: Element &lt;button class=&quot;btn btn-info&quot; id=&quot;submit&quot; name=&quot;submit&quot; style=&quot;-webkit-appearance: none; cursor: pointer; font-size: 14px; margin: 0px; outline: 0px; padding: 0px; vertical-align: baseline;&quot;&gt;...&lt;/button&gt; is not clickable at point (80, 526). Other element would receive the click: &lt;iframe id=&quot;aswift_6&quot; name=&quot;&quot; sandbox=&quot;allow-forms allow-popups allow-popups-to-escape-sandbox allow-same-origin allow-scripts allow-top-navigation-by-user-activation&quot; width=&quot;&quot; height=&quot;&quot; frameborder=&quot;0&quot; src=&quot;https://googleads.g.doubleclick.net/pagead/html/r20210831/r20110914/zrt_lookup.html?fsb=1#RS-0-&amp;amp;adk=1812271808&amp;amp;client=ca-pub-4117950738894466&amp;amp;fa=8&amp;amp;ifi=7&amp;amp;uci=a!7&quot; marginwidth=&quot;0&quot; marginheight=&quot;0&quot; vspace=&quot;0&quot; hspace=&quot;0&quot; allowtransparency=&quot;true&quot; scrolling=&quot;no&quot; allowfullscreen=&quot;true&quot; allow=&quot;attribution-reporting&quot; style=&quot;width: 100vw !important; height: 100vh !important; inset: 0px auto auto 0px !important; position: absolute !important; clear: none !important; display: inline !important; float: none !important; margin: 0px !important; max-height: none !important; max-width: none !important; opacity: 1 !important; overflow: visible !important; padding: 0px !important; vertical-align: baseline !important; visibility: visible !important; z-index: auto !important;&quot; data-google-container-id=&quot;a!7&quot; data-google-query-id=&quot;CK332qjl7PICFZGJ5godSUcPXA&quot; data-load-complete=&quot;true&quot;&gt;&lt;/iframe&gt;
  (Session info: chrome=92.0.4515.159)
Build info: version: &#039;3.141.59&#039;, revision: &#039;e82be7d358&#039;, time: &#039;2018-11-14T08:17:03&#039;
System info: host: &#039;DIN82001000&#039;, ip: &#039;192.168.0.105&#039;, os.name: &#039;Windows 10&#039;, os.arch: &#039;amd64&#039;, os.version: &#039;10.0&#039;, java.version: &#039;16.0.1&#039;
Driver info: org.openqa.selenium.chrome.ChromeDriver
Capabilities {acceptInsecureCerts: false, browserName: chrome, browserVersion: 92.0.4515.159, chrome: {chromedriverVersion: 91.0.4472.101 (af52a90bf870..., userDataDir: C:\Users\kunikhit\AppData\L...}, goog:chromeOptions: {debuggerAddress: localhost:58225}, javascriptEnabled: true, networkConnectionEnabled: false, pageLoadStrategy: normal, platform: WINDOWS, platformName: WINDOWS, proxy: Proxy(), setWindowRect: true, strictFileInteractability: false, timeouts: {implicit: 0, pageLoad: 300000, script: 30000}, unhandledPromptBehavior: dismiss and notify, webauthn:extension:largeBlob: true, webauthn:virtualAuthenticators: true}
Session ID: afe90faf47962e9e6b77c8e1c4958cfe" type="org.openqa.selenium.ElementClickInterceptedException">
      <![CDATA[org.openqa.selenium.ElementClickInterceptedException: element click intercepted: Element <button class="btn btn-info" id="submit" name="submit" style="-webkit-appearance: none; cursor: pointer; font-size: 14px; margin: 0px; outline: 0px; padding: 0px; vertical-align: baseline;">...</button> is not clickable at point (80, 526). Other element would receive the click: <iframe id="aswift_6" name="" sandbox="allow-forms allow-popups allow-popups-to-escape-sandbox allow-same-origin allow-scripts allow-top-navigation-by-user-activation" width="" height="" frameborder="0" src="https://googleads.g.doubleclick.net/pagead/html/r20210831/r20110914/zrt_lookup.html?fsb=1#RS-0-&amp;adk=1812271808&amp;client=ca-pub-4117950738894466&amp;fa=8&amp;ifi=7&amp;uci=a!7" marginwidth="0" marginheight="0" vspace="0" hspace="0" allowtransparency="true" scrolling="no" allowfullscreen="true" allow="attribution-reporting" style="width: 100vw !important; height: 100vh !important; inset: 0px auto auto 0px !important; position: absolute !important; clear: none !important; display: inline !important; float: none !important; margin: 0px !important; max-height: none !important; max-width: none !important; opacity: 1 !important; overflow: visible !important; padding: 0px !important; vertical-align: baseline !important; visibility: visible !important; z-index: auto !important;" data-google-container-id="a!7" data-google-query-id="CK332qjl7PICFZGJ5godSUcPXA" data-load-complete="true"></iframe>
  (Session info: chrome=92.0.4515.159)
Build info: version: '3.141.59', revision: 'e82be7d358', time: '2018-11-14T08:17:03'
System info: host: 'DIN82001000', ip: '192.168.0.105', os.name: 'Windows 10', os.arch: 'amd64', os.version: '10.0', java.version: '16.0.1'
Driver info: org.openqa.selenium.chrome.ChromeDriver
Capabilities {acceptInsecureCerts: false, browserName: chrome, browserVersion: 92.0.4515.159, chrome: {chromedriverVersion: 91.0.4472.101 (af52a90bf870..., userDataDir: C:\Users\kunikhit\AppData\L...}, goog:chromeOptions: {debuggerAddress: localhost:58225}, javascriptEnabled: true, networkConnectionEnabled: false, pageLoadStrategy: normal, platform: WINDOWS, platformName: WINDOWS, proxy: Proxy(), setWindowRect: true, strictFileInteractability: false, timeouts: {implicit: 0, pageLoad: 300000, script: 30000}, unhandledPromptBehavior: dismiss and notify, webauthn:extension:largeBlob: true, webauthn:virtualAuthenticators: true}
Session ID: afe90faf47962e9e6b77c8e1c4958cfe
at java.base/jdk.internal.reflect.NativeConstructorAccessorImpl.newInstance0(Native Method)
at java.base/jdk.internal.reflect.NativeConstructorAccessorImpl.newInstance(NativeConstructorAccessorImpl.java:78)
at java.base/jdk.internal.reflect.DelegatingConstructorAccessorImpl.newInstance(DelegatingConstructorAccessorImpl.java:45)
at java.base/java.lang.reflect.Constructor.newInstanceWithCaller(Constructor.java:499)
at java.base/java.lang.reflect.Constructor.newInstance(Constructor.java:480)
at org.openqa.selenium.remote.http.W3CHttpResponseCodec.createException(W3CHttpResponseCodec.java:187)
at org.openqa.selenium.remote.http.W3CHttpResponseCodec.decode(W3CHttpResponseCodec.java:122)
at org.openqa.selenium.remote.http.W3CHttpResponseCodec.decode(W3CHttpResponseCodec.java:49)
at org.openqa.selenium.remote.HttpCommandExecutor.execute(HttpCommandExecutor.java:158)
at org.openqa.selenium.remote.service.DriverCommandExecutor.execute(DriverCommandExecutor.java:83)
at org.openqa.selenium.remote.RemoteWebDriver.execute(RemoteWebDriver.java:552)
at org.openqa.selenium.remote.RemoteWebElement.execute(RemoteWebElement.java:285)
at org.openqa.selenium.remote.RemoteWebElement.click(RemoteWebElement.java:84)
at java.base/jdk.internal.reflect.NativeMethodAccessorImpl.invoke0(Native Method)
at java.base/jdk.internal.reflect.NativeMethodAccessorImpl.invoke(NativeMethodAccessorImpl.java:78)
at java.base/jdk.internal.reflect.DelegatingMethodAccessorImpl.invoke(DelegatingMethodAccessorImpl.java:43)
at java.base/java.lang.reflect.Method.invoke(Method.java:567)
at org.openqa.selenium.support.pagefactory.internal.LocatingElementHandler.invoke(LocatingElementHandler.java:51)
at jdk.proxy2/jdk.proxy2.$Proxy21.click(Unknown Source)
at page.Practiceform.submitform(Practiceform.java:177)
at stepdefinition.Practiceselform.user_clicks_on_submit_button(Practiceselform.java:105)
at ✽.user clicks on submit button(file:///C:/Users/kunikhit/eclipse-workspace/Practice/src/test/resources/features/practiceform.feature:17)
]]>
    </error>
  </testcase> <!-- runScenario -->
  <system-out/>
</testsuite> <!-- runner.DemocartRunnertwo -->
